The system is: Windows - 10.0.19042 - AMD64
Compiling the C compiler identification source file "CMakeCCompilerId.c" succeeded.
Compiler:  
Build flags: 
Id flags:  

The output was:
0
用于 .NET Framework 的 Microsoft (R) 生成引擎版本 16.9.0+57a23d249
版权所有(C) Microsoft Corporation。保留所有权利。

生成启动时间为 2021/5/7 10:17:05。
节点 1 上的项目“E:\libffi\libffi-3.3_cmake_version\build\CMakeFiles\3.19.20122902-MSVC_2\CompilerIdC\CompilerIdC.vcxproj”(默认目标)。
PrepareForBuild:
  正在创建目录“Debug\”。
  正在创建目录“Debug\CompilerIdC.tlog\”。
InitializeBuildStatus:
  正在创建“Debug\CompilerIdC.tlog\unsuccessfulbuild”，因为已指定“AlwaysCreate”。
VcpkgTripletSelection:
  Using triplet "x86-windows" from "E:\vcpkg\vcpkg\scripts\buildsystems\msbuild\..\..\..\installed\x86-windows\"
ClCompile:
  D:\visual studio\VC\Tools\MSVC\14.28.29910\bin\HostX64\x86\CL.exe /c /I"E:\vcpkg\vcpkg\scripts\buildsystems\msbuild\..\..\..\installed\x86-windows\include" /nologo /W0 /WX- /diagnostics:column /Od /Oy- /D _MBCS /Gm- /EHsc /RTC1 /MDd /GS /fp:precise /Zc:wchar_t /Zc:forScope /Zc:inline /Fo"Debug\\" /Fd"Debug\vc142.pdb" /Gd /TC /analyze- /FC /errorReport:queue CMakeCCompilerId.c
  CMakeCCompilerId.c
Link:
  D:\visual studio\VC\Tools\MSVC\14.28.29910\bin\HostX64\x86\link.exe /ERRORREPORT:QUEUE /OUT:".\CompilerIdC.exe" /INCREMENTAL:NO /NOLOGO /LIBPATH:"E:\vcpkg\vcpkg\scripts\buildsystems\msbuild\..\..\..\installed\x86-windows\debug\lib" /LIBPATH:"E:\vcpkg\vcpkg\scripts\buildsystems\msbuild\..\..\..\installed\x86-windows\debug\lib\manual-link" kernel32.lib user32.lib gdi32.lib winspool.lib comdlg32.lib advapi32.lib shell32.lib ole32.lib oleaut32.lib uuid.lib odbc32.lib odbccp32.lib "E:\vcpkg\vcpkg\scripts\buildsystems\msbuild\..\..\..\installed\x86-windows\debug\lib\*.lib" /MANIFEST /MANIFESTUAC:"level='asInvoker' uiAccess='false'" /manifest:embed /PDB:".\CompilerIdC.pdb" /SUBSYSTEM:CONSOLE /TLBID:1 /DYNAMICBASE /NXCOMPAT /IMPLIB:".\CompilerIdC.lib" /MACHINE:X86 /SAFESEH Debug\CMakeCCompilerId.obj
  CompilerIdC.vcxproj -> E:\libffi\libffi-3.3_cmake_version\build\CMakeFiles\3.19.20122902-MSVC_2\CompilerIdC\CompilerIdC.exe
AppLocalFromInstalled:
  pwsh.exe -ExecutionPolicy Bypass -noprofile -File "E:\vcpkg\vcpkg\scripts\buildsystems\msbuild\applocal.ps1" "E:\libffi\libffi-3.3_cmake_version\build\CMakeFiles\3.19.20122902-MSVC_2\CompilerIdC\CompilerIdC.exe" "E:\vcpkg\vcpkg\scripts\buildsystems\msbuild\..\..\..\installed\x86-windows\debug\bin" "Debug\CompilerIdC.tlog\CompilerIdC.write.1u.tlog" "Debug\vcpkg.applocal.log"
  'pwsh.exe' is not recognized as an internal or external command,
  operable program or batch file.
  命令“pwsh.exe -ExecutionPolicy Bypass -noprofile -File "E:\vcpkg\vcpkg\scripts\buildsystems\msbuild\applocal.ps1" "E:\libffi\libffi-3.3_cmake_version\build\CMakeFiles\3.19.20122902-MSVC_2\CompilerIdC\CompilerIdC.exe" "E:\vcpkg\vcpkg\scripts\buildsystems\msbuild\..\..\..\installed\x86-windows\debug\bin" "Debug\CompilerIdC.tlog\CompilerIdC.write.1u.tlog" "Debug\vcpkg.applocal.log"”已退出，代码为 9009。
  "C:\WINDOWS\System32\WindowsPowerShell\v1.0\powershell.exe" -ExecutionPolicy Bypass -noprofile -File "E:\vcpkg\vcpkg\scripts\buildsystems\msbuild\applocal.ps1" "E:\libffi\libffi-3.3_cmake_version\build\CMakeFiles\3.19.20122902-MSVC_2\CompilerIdC\CompilerIdC.exe" "E:\vcpkg\vcpkg\scripts\buildsystems\msbuild\..\..\..\installed\x86-windows\debug\bin" "Debug\CompilerIdC.tlog\CompilerIdC.write.1u.tlog" "Debug\vcpkg.applocal.log"
PostBuildEvent:
  for %%i in (cl.exe) do @echo CMAKE_C_COMPILER=%%~$PATH:i
  :VCEnd
  CMAKE_C_COMPILER=D:\visual studio\VC\Tools\MSVC\14.28.29910\bin\Hostx64\x86\cl.exe
FinalizeBuildStatus:
  正在删除文件“Debug\CompilerIdC.tlog\unsuccessfulbuild”。
  正在对“Debug\CompilerIdC.tlog\CompilerIdC.lastbuildstate”执行 Touch 任务。
已完成生成项目“E:\libffi\libffi-3.3_cmake_version\build\CMakeFiles\3.19.20122902-MSVC_2\CompilerIdC\CompilerIdC.vcxproj”(默认目标)的操作。

已成功生成。
    0 个警告
    0 个错误

已用时间 00:00:02.95


Compilation of the C compiler identification source "CMakeCCompilerId.c" produced "CompilerIdC.exe"

Compilation of the C compiler identification source "CMakeCCompilerId.c" produced "CompilerIdC.vcxproj"

The C compiler identification is MSVC, found in "E:/libffi/libffi-3.3_cmake_version/build/CMakeFiles/3.19.20122902-MSVC_2/CompilerIdC/CompilerIdC.exe"

Compiling the CXX compiler identification source file "CMakeCXXCompilerId.cpp" succeeded.
Compiler:  
Build flags: 
Id flags:  

The output was:
0
用于 .NET Framework 的 Microsoft (R) 生成引擎版本 16.9.0+57a23d249
版权所有(C) Microsoft Corporation。保留所有权利。

生成启动时间为 2021/5/7 10:17:09。
节点 1 上的项目“E:\libffi\libffi-3.3_cmake_version\build\CMakeFiles\3.19.20122902-MSVC_2\CompilerIdCXX\CompilerIdCXX.vcxproj”(默认目标)。
PrepareForBuild:
  正在创建目录“Debug\”。
  正在创建目录“Debug\CompilerIdCXX.tlog\”。
InitializeBuildStatus:
  正在创建“Debug\CompilerIdCXX.tlog\unsuccessfulbuild”，因为已指定“AlwaysCreate”。
VcpkgTripletSelection:
  Using triplet "x86-windows" from "E:\vcpkg\vcpkg\scripts\buildsystems\msbuild\..\..\..\installed\x86-windows\"
ClCompile:
  D:\visual studio\VC\Tools\MSVC\14.28.29910\bin\HostX64\x86\CL.exe /c /I"E:\vcpkg\vcpkg\scripts\buildsystems\msbuild\..\..\..\installed\x86-windows\include" /nologo /W0 /WX- /diagnostics:column /Od /Oy- /D _MBCS /Gm- /EHsc /RTC1 /MDd /GS /fp:precise /Zc:wchar_t /Zc:forScope /Zc:inline /Fo"Debug\\" /Fd"Debug\vc142.pdb" /Gd /TP /analyze- /FC /errorReport:queue CMakeCXXCompilerId.cpp
  CMakeCXXCompilerId.cpp
Link:
  D:\visual studio\VC\Tools\MSVC\14.28.29910\bin\HostX64\x86\link.exe /ERRORREPORT:QUEUE /OUT:".\CompilerIdCXX.exe" /INCREMENTAL:NO /NOLOGO /LIBPATH:"E:\vcpkg\vcpkg\scripts\buildsystems\msbuild\..\..\..\installed\x86-windows\debug\lib" /LIBPATH:"E:\vcpkg\vcpkg\scripts\buildsystems\msbuild\..\..\..\installed\x86-windows\debug\lib\manual-link" kernel32.lib user32.lib gdi32.lib winspool.lib comdlg32.lib advapi32.lib shell32.lib ole32.lib oleaut32.lib uuid.lib odbc32.lib odbccp32.lib "E:\vcpkg\vcpkg\scripts\buildsystems\msbuild\..\..\..\installed\x86-windows\debug\lib\*.lib" /MANIFEST /MANIFESTUAC:"level='asInvoker' uiAccess='false'" /manifest:embed /PDB:".\CompilerIdCXX.pdb" /SUBSYSTEM:CONSOLE /TLBID:1 /DYNAMICBASE /NXCOMPAT /IMPLIB:".\CompilerIdCXX.lib" /MACHINE:X86 /SAFESEH Debug\CMakeCXXCompilerId.obj
  CompilerIdCXX.vcxproj -> E:\libffi\libffi-3.3_cmake_version\build\CMakeFiles\3.19.20122902-MSVC_2\CompilerIdCXX\CompilerIdCXX.exe
AppLocalFromInstalled:
  pwsh.exe -ExecutionPolicy Bypass -noprofile -File "E:\vcpkg\vcpkg\scripts\buildsystems\msbuild\applocal.ps1" "E:\libffi\libffi-3.3_cmake_version\build\CMakeFiles\3.19.20122902-MSVC_2\CompilerIdCXX\CompilerIdCXX.exe" "E:\vcpkg\vcpkg\scripts\buildsystems\msbuild\..\..\..\installed\x86-windows\debug\bin" "Debug\CompilerIdCXX.tlog\CompilerIdCXX.write.1u.tlog" "Debug\vcpkg.applocal.log"
  'pwsh.exe' is not recognized as an internal or external command,
  operable program or batch file.
  命令“pwsh.exe -ExecutionPolicy Bypass -noprofile -File "E:\vcpkg\vcpkg\scripts\buildsystems\msbuild\applocal.ps1" "E:\libffi\libffi-3.3_cmake_version\build\CMakeFiles\3.19.20122902-MSVC_2\CompilerIdCXX\CompilerIdCXX.exe" "E:\vcpkg\vcpkg\scripts\buildsystems\msbuild\..\..\..\installed\x86-windows\debug\bin" "Debug\CompilerIdCXX.tlog\CompilerIdCXX.write.1u.tlog" "Debug\vcpkg.applocal.log"”已退出，代码为 9009。
  "C:\WINDOWS\System32\WindowsPowerShell\v1.0\powershell.exe" -ExecutionPolicy Bypass -noprofile -File "E:\vcpkg\vcpkg\scripts\buildsystems\msbuild\applocal.ps1" "E:\libffi\libffi-3.3_cmake_version\build\CMakeFiles\3.19.20122902-MSVC_2\CompilerIdCXX\CompilerIdCXX.exe" "E:\vcpkg\vcpkg\scripts\buildsystems\msbuild\..\..\..\installed\x86-windows\debug\bin" "Debug\CompilerIdCXX.tlog\CompilerIdCXX.write.1u.tlog" "Debug\vcpkg.applocal.log"
PostBuildEvent:
  for %%i in (cl.exe) do @echo CMAKE_CXX_COMPILER=%%~$PATH:i
  :VCEnd
  CMAKE_CXX_COMPILER=D:\visual studio\VC\Tools\MSVC\14.28.29910\bin\Hostx64\x86\cl.exe
FinalizeBuildStatus:
  正在删除文件“Debug\CompilerIdCXX.tlog\unsuccessfulbuild”。
  正在对“Debug\CompilerIdCXX.tlog\CompilerIdCXX.lastbuildstate”执行 Touch 任务。
已完成生成项目“E:\libffi\libffi-3.3_cmake_version\build\CMakeFiles\3.19.20122902-MSVC_2\CompilerIdCXX\CompilerIdCXX.vcxproj”(默认目标)的操作。

已成功生成。
    0 个警告
    0 个错误

已用时间 00:00:01.94


Compilation of the CXX compiler identification source "CMakeCXXCompilerId.cpp" produced "CompilerIdCXX.exe"

Compilation of the CXX compiler identification source "CMakeCXXCompilerId.cpp" produced "CompilerIdCXX.vcxproj"

The CXX compiler identification is MSVC, found in "E:/libffi/libffi-3.3_cmake_version/build/CMakeFiles/3.19.20122902-MSVC_2/CompilerIdCXX/CompilerIdCXX.exe"

Detecting C compiler ABI info compiled with the following output:
Change Dir: E:/libffi/libffi-3.3_cmake_version/build/CMakeFiles/CMakeTmp

Run Build Command(s):D:/visual studio/MSBuild/Current/Bin/MSBuild.exe cmTC_90848.vcxproj /p:Configuration=Debug /p:Platform=Win32 /p:VisualStudioVersion=16.0 /v:m && 用于 .NET Framework 的 Microsoft (R) 生成引擎版本 16.9.0+57a23d249
版权所有(C) Microsoft Corporation。保留所有权利。

  Microsoft (R) C/C++ Optimizing Compiler Version 19.28.29913 for x86
  Copyright (C) Microsoft Corporation.  All rights reserved.
  CMakeCCompilerABI.c
  cl /c /I"E:\vcpkg\vcpkg\scripts\buildsystems\msbuild\..\..\..\installed\x86-windows\include" /Zi /W3 /WX- /diagnostics:column /Od /Ob0 /Oy- /D WIN32 /D _WINDOWS /D "CMAKE_INTDIR=\"Debug\"" /D _MBCS /Gm- /RTC1 /MDd /GS /fp:precise /Zc:wchar_t /Zc:forScope /Zc:inline /Fo"cmTC_90848.dir\Debug\\" /Fd"cmTC_90848.dir\Debug\vc142.pdb" /Gd /TC /analyze- /errorReport:queue "D:\visual studio\Common7\IDE\CommonExtensions\Microsoft\CMake\CMake\share\cmake-3.19\Modules\CMakeCCompilerABI.c"
  cmTC_90848.vcxproj -> E:\libffi\libffi-3.3_cmake_version\build\CMakeFiles\CMakeTmp\Debug\cmTC_90848.exe



Detecting CXX compiler ABI info compiled with the following output:
Change Dir: E:/libffi/libffi-3.3_cmake_version/build/CMakeFiles/CMakeTmp

Run Build Command(s):D:/visual studio/MSBuild/Current/Bin/MSBuild.exe cmTC_43baa.vcxproj /p:Configuration=Debug /p:Platform=Win32 /p:VisualStudioVersion=16.0 /v:m && 用于 .NET Framework 的 Microsoft (R) 生成引擎版本 16.9.0+57a23d249
版权所有(C) Microsoft Corporation。保留所有权利。

  Microsoft (R) C/C++ Optimizing Compiler Version 19.28.29913 for x86
  Copyright (C) Microsoft Corporation.  All rights reserved.
  CMakeCXXCompilerABI.cpp
  cl /c /I"E:\vcpkg\vcpkg\scripts\buildsystems\msbuild\..\..\..\installed\x86-windows\include" /Zi /W3 /WX- /diagnostics:column /Od /Ob0 /Oy- /D WIN32 /D _WINDOWS /D "CMAKE_INTDIR=\"Debug\"" /D _MBCS /Gm- /EHsc /RTC1 /MDd /GS /fp:precise /Zc:wchar_t /Zc:forScope /Zc:inline /GR /Fo"cmTC_43baa.dir\Debug\\" /Fd"cmTC_43baa.dir\Debug\vc142.pdb" /Gd /TP /analyze- /errorReport:queue "D:\visual studio\Common7\IDE\CommonExtensions\Microsoft\CMake\CMake\share\cmake-3.19\Modules\CMakeCXXCompilerABI.cpp"
  cmTC_43baa.vcxproj -> E:\libffi\libffi-3.3_cmake_version\build\CMakeFiles\CMakeTmp\Debug\cmTC_43baa.exe



Checking whether the ASM_MASM compiler is MSVC using "-?" matched "Microsoft":
Microsoft (R) Macro Assembler Version 14.28.29913.0
Copyright (C) Microsoft Corporation.  All rights reserved.

        ML [ /options ] filelist [ /link linkoptions ]

/Bl<linker> Use alternate linker          /safeseh Assert all exception
/c Assemble without linking                        handlers are declared
/Cp Preserve case of user identifiers     /Sf Generate first pass listing
/Cu Map all identifiers to upper case     /Sl<width> Set line width
/Cx Preserve case in publics, externs     /Sn Suppress symbol-table listing
/coff generate COFF format object file    /Sp<length> Set page length
/D<name>[=text] Define text macro         /Ss<string> Set subtitle
/EP Output preprocessed listing to stdout /St<string> Set title
/F <hex> Set stack size (bytes)           /Sx List false conditionals
/Fe<file> Name executable                 /Ta<file> Assemble non-.ASM file
/Fl[file] Generate listing                /w Same as /W0 /WX
/Fm[file] Generate map                    /WX Treat warnings as errors
/Fo<file> Name object file                /W<number> Set warning level
/Fr[file] Generate limited browser info   /X Ignore INCLUDE environment path
/FR[file] Generate full browser info      /Zd Add line number debug info
/G<c|d|z> Use Pascal, C, or Stdcall calls /Zf Make all symbols public
/I<name> Add include path                 /Zi Add symbolic debug info
/link <linker options and libraries>      /Zm Enable MASM 5.10 compatibility
/nologo Suppress copyright message        /Zp[n] Set structure alignment
/omf generate OMF format object file      /Zs Perform syntax check only
/Sa Maximize source listing               /ZH:SHA_256 Use SHA256 for checksum
                                              in debug info (experimental)
/Gy[-] separate functions for linker
/errorReport:<option> Deprecated. Report internal assembler errors to Microsoft
    none - do not send report
    prompt - prompt to immediately send report
    queue - at next admin logon, prompt to send report
    send - send report automatically
